[0m14:15:37.676323 [debug] [MainThread]: Sending event: {'category': 'dbt', 'action': 'invocation', 'label': 'start', 'context': [<snowplow_tracker.self_describing_json.SelfDescribingJson object at 0x000001CE3D4E6020>, <snowplow_tracker.self_describing_json.SelfDescribingJson object at 0x000001CE3E760F70>, <snowplow_tracker.self_describing_json.SelfDescribingJson object at 0x000001CE3E7620B0>]}


============================== 14:15:37.679326 | bf30a2c1-5e98-4e6c-9509-b20500d6665e ==============================
[0m14:15:37.679326 [info ] [MainThread]: Running with dbt=1.11.7
[0m14:15:37.679326 [debug] [MainThread]: running dbt with arguments {'static_parser': 'True', 'no_print': 'None', 'version_check': 'True', 'warn_error_options': 'WarnErrorOptionsV2(error=[], warn=[], silence=[])', 'target_path': 'None', 'printer_width': '80', 'write_json': 'True', 'introspect': 'True', 'log_cache_events': 'False', 'empty': 'None', 'cache_selected_only': 'False', 'log_format': 'default', 'debug': 'False', 'fail_fast': 'False', 'partial_parse': 'True', 'send_anonymous_usage_stats': 'True', 'quiet': 'False', 'warn_error': 'None', 'profiles_dir': 'C:\\Users\\diego\\.dbt', 'invocation_command': 'dbt init olist_dw', 'indirect_selection': 'eager', 'use_colors': 'True', 'use_experimental_parser': 'False', 'log_path': 'logs'}
[0m14:15:37.690640 [info ] [MainThread]: Creating dbt configuration folder at C:\Users\diego\.dbt
[0m14:15:37.693155 [debug] [MainThread]: Starter project path: C:\Users\diego\Desktop\Proyectos\OlistProject\venv\lib\site-packages\dbt\include\starter_project
[0m14:15:37.726567 [info ] [MainThread]: 
Your new dbt project "olist_dw" was created!

For more information on how to configure the profiles.yml file,
please consult the dbt documentation here:

  https://docs.getdbt.com/docs/configure-your-profile

One more thing:

Need help? Don't hesitate to reach out to us via GitHub issues or on Slack:

  https://community.getdbt.com/

Happy modeling!

[0m14:15:37.727567 [info ] [MainThread]: Setting up your profile.
[0m14:15:45.199232 [info ] [MainThread]: Profile olist_dw written to C:\Users\diego\.dbt\profiles.yml using target's sample configuration. Once updated, you'll be able to start developing with dbt.
[0m14:15:45.200242 [debug] [MainThread]: Command `dbt init` succeeded at 14:15:45.200242 after 7.57 seconds
[0m14:15:45.200242 [debug] [MainThread]: Sending event: {'category': 'dbt', 'action': 'invocation', 'label': 'end', 'context': [<snowplow_tracker.self_describing_json.SelfDescribingJson object at 0x000001CE3D4E6020>, <snowplow_tracker.self_describing_json.SelfDescribingJson object at 0x000001CE3D728610>, <snowplow_tracker.self_describing_json.SelfDescribingJson object at 0x000001CE3E7B07F0>]}
[0m14:15:45.200242 [debug] [MainThread]: Flushing usage events
[0m14:15:45.663204 [debug] [MainThread]: An error was encountered while trying to flush usage events
